# file opened: sonic.asm
  1   0000                DEVICE ZXSPECTRUM48
  2   0000                org $8000
  3   8000
  4   8000              ; Rountine
  5   8000              CL_ALL     = $0DAF
  6   8000
  7   8000              ; Character codes
  8   8000              ENTER      = $0D
  9   8000              INK        = $10
 10   8000              PAPER      = $11
 11   8000              UDG_0      = $90
 12   8000              UDG_1      = UDG_0+1
 13   8000              UDG_2      = UDG_0+2
 14   8000              UDG_3      = UDG_0+3
 15   8000              UDG_4      = UDG_0+4
 16   8000              UDG_5      = UDG_0+5
 17   8000              UDG_6      = UDG_0+6
 18   8000              UDG_7      = UDG_0+7
 19   8000              UDG_8      = UDG_0+8
 20   8000              UDG_9      = UDG_0+9
 21   8000              UDG_10     = UDG_0+10
 22   8000              UDG_11     = UDG_0+11
 23   8000              STOP       = $E2
 24   8000
 25   8000              udg0_bitmap:
 26   8000 07             db %00000111
 27   8001 18             db %00011000
 28   8002 20             db %00100000
 29   8003 10             db %00010000
 30   8004 08             db %00001000
 31   8005 30             db %00110000
 32   8006 40             db %01000000
 33   8007 80             db %10000000
 34   8008              udg1_bitmap:
 35   8008 F0             db %11110000
 36   8009 0D             db %00001101
 37   800A 02             db %00000010
 38   800B 00             db %00000000
 39   800C 00             db %00000000
 40   800D 00             db %00000000
 41   800E 70             db %01110000
 42   800F 89             db %10001001
 43   8010              udg2_bitmap:
 44   8010 00             db %00000000
 45   8011 00             db %00000000
 46   8012 00             db %00000000
 47   8013 80             db %10000000
 48   8014 80             db %10000000
 49   8015 80             db %10000000
 50   8016 40             db %01000000
 51   8017 40             db %01000000
 52   8018              udg3_bitmap:
 53   8018 E0             db %11100000
 54   8019 10             db %00010000
 55   801A 0C             db %00001100
 56   801B 10             db %00010000
 57   801C 10             db %00010000
 58   801D 20             db %00100000
 59   801E 2F             db %00101111
 60   801F 31             db %00110001
 61   8020              udg4_bitmap:
 62   8020 86             db %10000110
 63   8021 8D             db %10001101
 64   8022 8D             db %10001101
 65   8023 4D             db %01001101
 66   8024 22             db %00100010
 67   8025 1C             db %00011100
 68   8026 01             db %00000001
 69   8027 02             db %00000010
 70   8028              udg5_bitmap:
 71   8028 40             db %01000000
 72   8029 40             db %01000000
 73   802A 40             db %01000000
 74   802B 80             db %10000000
 75   802C C0             db %11000000
 76   802D C0             db %11000000
 77   802E 00             db %00000000
 78   802F 00             db %00000000
 79   8030              udg6_bitmap:
 80   8030 02             db %00000010
 81   8031 05             db %00000101
 82   8032 0A             db %00001010
 83   8033 0C             db %00001100
 84   8034 04             db %00000100
 85   8035 04             db %00000100
 86   8036 03             db %00000011
 87   8037 02             db %00000010
 88   8038              udg7_bitmap:
 89   8038 FC             db %11111100
 90   8039 86             db %10000110
 91   803A 47             db %01000111
 92   803B 26             db %00100110
 93   803C 24             db %00100100
 94   803D 55             db %01010101
 95   803E B7             db %10110111
 96   803F 24             db %00100100
 97   8040              udg8_bitmap:
 98   8040 00             db %00000000
 99   8041 00             db %00000000
100   8042 00             db %00000000
101   8043 80             db %10000000
102   8044 80             db %10000000
103   8045 80             db %10000000
104   8046 00             db %00000000
105   8047 00             db %00000000
106   8048              udg9_bitmap:
107   8048 02             db %00000010
108   8049 04             db %00000100
109   804A 08             db %00001000
110   804B 08             db %00001000
111   804C 07             db %00000111
112   804D 00             db %00000000
113   804E 00             db %00000000
114   804F 00             db %00000000
115   8050              udg10_bitmap:
116   8050 23             db %00100011
117   8051 20             db %00100000
118   8052 10             db %00010000
119   8053 10             db %00010000
120   8054 FF             db %11111111
121   8055 00             db %00000000
122   8056 00             db %00000000
123   8057 00             db %00000000
124   8058              udg11_bitmap:
125   8058 00             db %00000000
126   8059 C0             db %11000000
127   805A 20             db %00100000
128   805B 10             db %00010000
129   805C F0             db %11110000
130   805D 00             db %00000000
131   805E 00             db %00000000
132   805F 00             db %00000000
133   8060
134   8060              SIZE_UDG = $ - udg0_bitmap
135   8060
136   8060              sonic:
137   8060 11 07 10 04    db PAPER,7,INK,4,UDG_0, UDG_1, UDG_2, ENTER
137   8064 90 91 92 0D
138   8068 93 94 95 0D    db UDG_3, UDG_4, UDG_5, ENTER
139   806C 96 97 98 0D    db UDG_6, UDG_7, UDG_8, ENTER
140   8070 99 9A 9B 0D    db UDG_9, UDG_10, UDG_11, ENTER
141   8074
142   8074              UDG_START = $FF58
143   8074
144   8074              start:
145   8074 ED 56          im 1
146   8076 FB             ei
147   8077 CD AF 0D       call CL_ALL
148   807A 21 00 80       ld hl,udg0_bitmap
149   807D 11 58 FF       ld de,UDG_START
150   8080 01 60 00       ld bc,SIZE_UDG
151   8083 ED B0          ldir
152   8085 21 60 80       ld hl, sonic
153   8088              sonicLoop:
154   8088 7E             ld a,(hl)
155   8089 FE E2          cp STOP
156   808B 28 05          jr z,end
157   808D D7             rst $10
158   808E 23             inc hl
159   808F C3 88 80       jp sonicLoop
160   8092              end:
161   8092 C9             ret
162   8093
163   8093              ;Deployment: Snapshot
164   8093                SAVESNA "sonic.sna", start
165   8093
# file closed: sonic.asm
